<?xml version="1.0" encoding="UTF-8"?>
<!-- Generated by org.testng.reporters.JUnitXMLReporter -->
<testsuite ignored="0" hostname="DESKTOP-SMTB48K" failures="0" tests="11" name="Test" time="26.227" errors="0" timestamp="2022-04-02T13:29:43 IST">
  <testcase classname="com.testng.com.testng.anotations.MultipleTestsExample" name="Test1" time="0.009"/>
  <testcase classname="com.testng.com.testng.anotations.MultipleTestsExample" name="Test2" time="0.001"/>
  <testcase classname="com.testng.com.testng.anotations.MultipleTestsExample" name="Test3" time="0.003"/>
  <testcase classname="com.testng.com.testng.anotations.GroupTesting" name="regressiontest" time="0.002"/>
  <testcase classname="com.testng.com.testng.anotations.GroupTesting" name="sanitytest" time="0.002"/>
  <testcase classname="com.testng.com.testng.anotations.GroupTesting" name="smoketest" time="0.003"/>
  <testcase classname="com.testng.com.testng.anotations.TestingwithPriority" name="logout" time="0.002"/>
  <testcase classname="com.testng.com.testng.anotations.TestingwithPriority" name="login" time="0.001"/>
  <testcase classname="com.testng.com.testng.anotations.TestingwithPriority" name="dashboard" time="0.003"/>
  <testcase classname="com.testng.com.testng.anotations.NawabLoginTestCase" name="LoginToDashboard" time="5.668"/>
  <testcase classname="com.testng.com.testng.anotations.TestAnnotationsHirearchy" name="test" time="0.002"/>
</testsuite> <!-- Test -->
