<?xml version="1.0" encoding="UTF-8"?>
<!-- Generated by org.testng.reporters.JUnitXMLReporter -->
<testsuite ignored="0" hostname="DESKTOP-SMTB48K" failures="0" tests="3" name="Parallel" time="0.243" errors="0" timestamp="2022-04-02T13:51:16 IST">
  <testcase classname="com.testng.com.testng.anotations.ParellelTesting" name="login" time="0.016"/>
  <testcase classname="com.testng.com.testng.anotations.ParellelTesting" name="dashboard" time="0.015"/>
  <testcase classname="com.testng.com.testng.anotations.ParellelTesting" name="logout" time="0.002"/>
</testsuite> <!-- Parallel -->
