<?xml version="1.0" encoding="UTF-8"?>
<!-- Generated by org.testng.reporters.JUnitXMLReporter -->
<testsuite ignored="1" hostname="DESKTOP-SMTB48K" failures="0" tests="1" name="Default test" time="0.075" errors="0" timestamp="2022-04-02T16:05:37 IST">
  <testcase classname="com.testng.com.testng.com.testng.com.testng.anotations.AssetCommand" name="LoginTest2" time="0.019"/>
  <testcase classname="com.testng.com.testng.com.testng.com.testng.anotations.AssetCommand" name="LoginTest" time="0.0">
    <ignored/>
  </testcase> <!-- LoginTest -->
</testsuite> <!-- Default test -->
