<?xml version="1.0" encoding="UTF-8"?>
<testng-results ignored="1" total="2" passed="1" failed="0" skipped="0">
  <reporter-output>
  </reporter-output>
  <suite started-at="2022-04-02T16:05:37 IST" name="Default suite" finished-at="2022-04-02T16:05:37 IST" duration-ms="75">
    <groups>
    </groups>
    <test started-at="2022-04-02T16:05:37 IST" name="Default test" finished-at="2022-04-02T16:05:37 IST" duration-ms="75">
      <class name="com.testng.com.testng.com.testng.com.testng.anotations.AssetCommand">
        <test-method signature="LoginTest2()[pri:0, instance:com.testng.com.testng.com.testng.com.testng.anotations.AssetCommand@25d250c6]" started-at="2022-04-02T16:05:37 IST" name="LoginTest2" finished-at="2022-04-02T16:05:37 IST" duration-ms="19" status="PASS">
          <reporter-output>
          </reporter-output>
        </test-method> <!-- LoginTest2 -->
      </class> <!-- com.testng.com.testng.com.testng.com.testng.anotations.AssetCommand -->
    </test> <!-- Default test -->
  </suite> <!-- Default suite -->
</testng-results>
